c:\users\rafał\source\repos\projekty_github\finalprojectja_2025\cpluspluslabyrinth\x64\debug\cpluspluslabyrinth.pch
c:\users\rafał\source\repos\projekty_github\finalprojectja_2025\cpluspluslabyrinth\x64\debug\vc143.pdb
c:\users\rafał\source\repos\projekty_github\finalprojectja_2025\cpluspluslabyrinth\x64\debug\vc143.idb
c:\users\rafał\source\repos\projekty_github\finalprojectja_2025\cpluspluslabyrinth\x64\debug\pch.obj
c:\users\rafał\source\repos\projekty_github\finalprojectja_2025\cpluspluslabyrinth\x64\debug\labyrinth.obj
c:\users\rafał\source\repos\projekty_github\finalprojectja_2025\cpluspluslabyrinth\x64\debug\dllmain.obj
c:\users\rafał\source\repos\projekty_github\finalprojectja_2025\cpluspluslabyrinth\x64\debug\cell.obj
c:\users\rafał\source\repos\projekty_github\finalprojectja_2025\cpluspluslabyrinth\x64\debug\labirynthlib.obj
c:\users\rafał\source\repos\projekty_github\finalprojectja_2025\bin\cpluspluslabyrinth.dll
c:\users\rafał\source\repos\projekty_github\finalprojectja_2025\bin\cpluspluslabyrinth.pdb
c:\users\rafał\source\repos\projekty_github\finalprojectja_2025\bin\cpluspluslabyrinth.lib
c:\users\rafał\source\repos\projekty_github\finalprojectja_2025\bin\cpluspluslabyrinth.exp
c:\users\rafał\source\repos\projekty_github\finalprojectja_2025\cpluspluslabyrinth\x64\debug\cpluspluslabyrinth.ilk
c:\users\rafał\source\repos\projekty_github\finalprojectja_2025\cpluspluslabyrinth\x64\debug\cplusplu.40fe52a2.tlog\cl.command.1.tlog
c:\users\rafał\source\repos\projekty_github\finalprojectja_2025\cpluspluslabyrinth\x64\debug\cplusplu.40fe52a2.tlog\cl.items.tlog
c:\users\rafał\source\repos\projekty_github\finalprojectja_2025\cpluspluslabyrinth\x64\debug\cplusplu.40fe52a2.tlog\cl.read.1.tlog
c:\users\rafał\source\repos\projekty_github\finalprojectja_2025\cpluspluslabyrinth\x64\debug\cplusplu.40fe52a2.tlog\cl.write.1.tlog
c:\users\rafał\source\repos\projekty_github\finalprojectja_2025\cpluspluslabyrinth\x64\debug\cplusplu.40fe52a2.tlog\link.command.1.tlog
c:\users\rafał\source\repos\projekty_github\finalprojectja_2025\cpluspluslabyrinth\x64\debug\cplusplu.40fe52a2.tlog\link.read.1.tlog
c:\users\rafał\source\repos\projekty_github\finalprojectja_2025\cpluspluslabyrinth\x64\debug\cplusplu.40fe52a2.tlog\link.secondary.1.tlog
c:\users\rafał\source\repos\projekty_github\finalprojectja_2025\cpluspluslabyrinth\x64\debug\cplusplu.40fe52a2.tlog\link.write.1.tlog
